[debug] [2023-08-01T23:40:08.901Z] ----------------------------------------------------------------------
[debug] [2023-08-01T23:40:08.903Z] Command:       C:\Program Files\nodejs\node.exe C:\Users\tommy\AppData\Roaming\npm\node_modules\firebase-tools\lib\bin\firebase.js init hosting
[debug] [2023-08-01T23:40:08.903Z] CLI Version:   10.2.2
[debug] [2023-08-01T23:40:08.903Z] Platform:      win32
[debug] [2023-08-01T23:40:08.903Z] Node Version:  v16.16.0
[debug] [2023-08-01T23:40:08.904Z] Time:          Tue Aug 01 2023 19:40:08 GMT-0400 (Eastern Daylight Time)
[debug] [2023-08-01T23:40:08.904Z] ----------------------------------------------------------------------
[debug] 
[debug] [2023-08-01T23:40:08.953Z] > command requires scopes: ["email","openid","https://www.googleapis.com/auth/cloudplatformprojects.readonly","https://www.googleapis.com/auth/firebase","https://www.googleapis.com/auth/cloud-platform"]
[debug] [2023-08-01T23:40:08.953Z] > authorizing via signed-in user (tommypang04@gmail.com)
[info] 
     ######## #### ########  ######## ########     ###     ######  ########
     ##        ##  ##     ## ##       ##     ##  ##   ##  ##       ##
     ######    ##  ########  ######   ########  #########  ######  ######
     ##        ##  ##    ##  ##       ##     ## ##     ##       ## ##
     ##       #### ##     ## ######## ########  ##     ##  ######  ########

You're about to initialize a Firebase project in this directory:

  C:\Users\tommy\Projects\VideoCreatorInnovationHub\frontend

Before we get started, keep in mind:

  * You are initializing within an existing Firebase project directory

[info] 
=== Project Setup
[info] 
[info] First, let's associate this project directory with a Firebase project.
[info] You can create multiple project aliases by running firebase use --add, 
[info] but for now we'll just set up a default project.
[info] 
[debug] [2023-08-01T23:40:10.350Z] Using project from CLI flag: videocreatorinnovationhub
[debug] [2023-08-01T23:40:10.352Z] >>> [apiv2][query] GET https://firebase.googleapis.com/v1beta1/projects/videocreatorinnovationhub [none]
[debug] [2023-08-01T23:40:11.120Z] <<< [apiv2][status] GET https://firebase.googleapis.com/v1beta1/projects/videocreatorinnovationhub 200
[debug] [2023-08-01T23:40:11.121Z] <<< [apiv2][body] GET https://firebase.googleapis.com/v1beta1/projects/videocreatorinnovationhub {"projectId":"videocreatorinnovationhub","projectNumber":"19909841825","displayName":"VideoCreatorInnovationHub","name":"projects/videocreatorinnovationhub","resources":{"hostingSite":"videocreatorinnovationhub"},"state":"ACTIVE","etag":"1_fb553a0f-1b73-4979-ad9b-805d78e90fb4"}
[info] i  Using project videocreatorinnovationhub (VideoCreatorInnovationHub) 
[info] 
=== Hosting Setup
[info] 
[info] Your public directory is the folder (relative to your project directory) that
[info] will contain Hosting assets to be uploaded with firebase deploy. If you
[info] have a build process for your assets, use your build's output directory.
[info] 
[debug] [2023-08-01T23:40:16.917Z] >>> [apiv2][query] GET https://www.gstatic.com/firebasejs/releases.json [none]
[debug] [2023-08-01T23:40:17.285Z] <<< [apiv2][status] GET https://www.gstatic.com/firebasejs/releases.json 200
[debug] [2023-08-01T23:40:17.285Z] <<< [apiv2][body] GET https://www.gstatic.com/firebasejs/releases.json {"current":{"version":"10.1.0","browserURL":"https://www.gstatic.com/firebasejs/10.1.0/firebase.js","packageURL":"https://www.gstatic.com/firebasejs/10.1.0/firebase.tgz"},"live":{"version":"10.1","browserURL":"https://www.gstatic.com/firebasejs/live/10.1/firebase.js","packageURL":"https://www.gstatic.com/firebasejs/live/10.1/firebase.tgz"},"components":{"analytics":"https://www.gstatic.com/firebasejs/10.1.0/firebase-analytics.js","app":"https://www.gstatic.com/firebasejs/10.1.0/firebase-app.js","app-check":"https://www.gstatic.com/firebasejs/10.1.0/firebase-app-check.js","auth":"https://www.gstatic.com/firebasejs/10.1.0/firebase-auth.js","auth/cordova":"https://www.gstatic.com/firebasejs/10.1.0/firebase-auth/cordova.js","functions":"https://www.gstatic.com/firebasejs/10.1.0/firebase-functions.js","firestore":"https://www.gstatic.com/firebasejs/10.1.0/firebase-firestore.js","firestore/lite":"https://www.gstatic.com/firebasejs/10.1.0/firebase-firestore/lite.js","installations":"https://www.gstatic.com/firebasejs/10.1.0/firebase-installations.js","storage":"https://www.gstatic.com/firebasejs/10.1.0/firebase-storage.js","performance":"https://www.gstatic.com/firebasejs/10.1.0/firebase-performance.js","remote-config":"https://www.gstatic.com/firebasejs/10.1.0/firebase-remote-config.js","messaging":"https://www.gstatic.com/firebasejs/10.1.0/firebase-messaging.js","messaging/sw":"https://www.gstatic.com/firebasejs/10.1.0/firebase-messaging/sw.js","database":"https://www.gstatic.com/firebasejs/10.1.0/firebase-database.js","firestore.memory":"https://www.gstatic.com/firebasejs/10.1.0/firebase-firestore.memory.js"}}
[info] +  Wrote dist/index.html 
[info] 
[info] i  Detected a .git folder at C:\Users\tommy\Projects\VideoCreatorInnovationHub\frontend 
[info] i  Authorizing with GitHub to upload your service account to a GitHub repository's secrets store. 
[info] 
[info] Visit this URL on this device to log in:
[info] https://github.com/login/oauth/authorize?client_id=89cf50f02ac6aaed3484&state=292104439&redirect_uri=http%3A%2F%2Flocalhost%3A9005&scope=read%3Auser%20repo%20public_repo
[info] 
[info] Waiting for authentication...
[debug] [2023-08-01T23:40:20.280Z] >>> HTTP REQUEST POST https://github.com/login/oauth/access_token  
 {"client_id":"89cf50f02ac6aaed3484","client_secret":"3330d14abc895d9a74d5f17cd7a00711fa2c5bf0","code":"85fb863f127f33cb3580","redirect_uri":"http://localhost:9005","state":"292104439"}
[debug] [2023-08-01T23:40:20.594Z] <<< HTTP RESPONSE 200 {"server":"GitHub.com","date":"Tue, 01 Aug 2023 23:40:19 GMT","content-type":"application/json; charset=utf-8","transfer-encoding":"chunked","vary":"X-PJAX, X-PJAX-Container, Turbo-Visit, Turbo-Frame, Accept-Encoding, Accept, X-Requested-With","etag":"W/\"ab9dbe2067a309f44519427cf4114bbb\"","cache-control":"max-age=0, private, must-revalidate","strict-transport-security":"max-age=31536000; includeSubdomains; preload","x-frame-options":"deny","x-content-type-options":"nosniff","x-xss-protection":"0","referrer-policy":"origin-when-cross-origin, strict-origin-when-cross-origin","content-security-policy":"default-src 'none'; base-uri 'self'; child-src github.com/assets-cdn/worker/ gist.github.com/assets-cdn/worker/; connect-src 'self' uploads.github.com objects-origin.githubusercontent.com www.githubstatus.com collector.github.com raw.githubusercontent.com api.github.com github-cloud.s3.amazonaws.com github-production-repository-file-5c1aeb.s3.amazonaws.com github-production-upload-manifest-file-7fdce7.s3.amazonaws.com github-production-user-asset-6210df.s3.amazonaws.com cdn.optimizely.com logx.optimizely.com/v1/events *.actions.githubusercontent.com productionresultssa0.blob.core.windows.net/ productionresultssa1.blob.core.windows.net/ productionresultssa2.blob.core.windows.net/ productionresultssa3.blob.core.windows.net/ productionresultssa4.blob.core.windows.net/ wss://*.actions.githubusercontent.com github-production-repository-image-32fea6.s3.amazonaws.com github-production-release-asset-2e65be.s3.amazonaws.com insights.github.com wss://alive.github.com; font-src github.githubassets.com; form-action 'self' github.com gist.github.com objects-origin.githubusercontent.com; frame-ancestors 'none'; frame-src viewscreen.githubusercontent.com notebooks.githubusercontent.com; img-src 'self' data: github.githubassets.com media.githubusercontent.com camo.githubusercontent.com identicons.github.com avatars.githubusercontent.com github-cloud.s3.amazonaws.com objects.githubusercontent.com objects-origin.githubusercontent.com secured-user-images.githubusercontent.com/ user-images.githubusercontent.com/ private-user-images.githubusercontent.com opengraph.githubassets.com github-production-user-asset-6210df.s3.amazonaws.com customer-stories-feed.github.com spotlights-feed.github.com *.githubusercontent.com; manifest-src 'self'; media-src github.com user-images.githubusercontent.com/ secured-user-images.githubusercontent.com/ private-user-images.githubusercontent.com; script-src github.githubassets.com; style-src 'unsafe-inline' github.githubassets.com; upgrade-insecure-requests; worker-src github.com/assets-cdn/worker/ gist.github.com/assets-cdn/worker/","x-github-request-id":"D803:58F4:1CBD12C:293BB91:64C997E3"}
[debug] [2023-08-01T23:40:20.598Z] >>> [apiv2][query] GET https://api.github.com/user [none]
[debug] [2023-08-01T23:40:21.205Z] <<< [apiv2][status] GET https://api.github.com/user 200
[debug] [2023-08-01T23:40:21.205Z] <<< [apiv2][body] GET https://api.github.com/user {"login":"TommyPang","id":63743103,"node_id":"MDQ6VXNlcjYzNzQzMTAz","avatar_url":"https://avatars.githubusercontent.com/u/63743103?v=4","gravatar_id":"","url":"https://api.github.com/users/TommyPang","html_url":"https://github.com/TommyPang","followers_url":"https://api.github.com/users/TommyPang/followers","following_url":"https://api.github.com/users/TommyPang/following{/other_user}","gists_url":"https://api.github.com/users/TommyPang/gists{/gist_id}","starred_url":"https://api.github.com/users/TommyPang/starred{/owner}{/repo}","subscriptions_url":"https://api.github.com/users/TommyPang/subscriptions","organizations_url":"https://api.github.com/users/TommyPang/orgs","repos_url":"https://api.github.com/users/TommyPang/repos","events_url":"https://api.github.com/users/TommyPang/events{/privacy}","received_events_url":"https://api.github.com/users/TommyPang/received_events","type":"User","site_admin":false,"name":"Tommy Pang","company":null,"blog":"https://tommypang.github.io/PersonalWebsite/","location":"Markham, Ontario","email":null,"hireable":null,"bio":"First year CS student at University of Waterloo\r\n ","twitter_username":null,"public_repos":11,"public_gists":0,"followers":17,"following":3,"created_at":"2020-04-15T17:44:20Z","updated_at":"2023-07-31T16:44:35Z","private_gists":0,"total_private_repos":4,"owned_private_repos":4,"disk_usage":43592,"collaborators":4,"two_factor_authentication":false,"plan":{"name":"free","space":976562499,"collaborators":0,"private_repos":10000}}
[info] 
[info] +  Success! Logged into GitHub as TommyPang 
[info] 
[debug] [2023-08-01T23:43:32.737Z] ----------------------------------------------------------------------
[debug] [2023-08-01T23:43:32.738Z] Command:       C:\Program Files\nodejs\node.exe C:\Users\tommy\AppData\Roaming\npm\node_modules\firebase-tools\lib\bin\firebase.js init hosting:github
[debug] [2023-08-01T23:43:32.739Z] CLI Version:   10.2.2
[debug] [2023-08-01T23:43:32.739Z] Platform:      win32
[debug] [2023-08-01T23:43:32.739Z] Node Version:  v16.16.0
[debug] [2023-08-01T23:43:32.739Z] Time:          Tue Aug 01 2023 19:43:32 GMT-0400 (Eastern Daylight Time)
[debug] [2023-08-01T23:43:32.740Z] ----------------------------------------------------------------------
[debug] 
[debug] [2023-08-01T23:43:32.786Z] > command requires scopes: ["email","openid","https://www.googleapis.com/auth/cloudplatformprojects.readonly","https://www.googleapis.com/auth/firebase","https://www.googleapis.com/auth/cloud-platform"]
[debug] [2023-08-01T23:43:32.786Z] > authorizing via signed-in user (tommypang04@gmail.com)
[info] 
     ######## #### ########  ######## ########     ###     ######  ########
     ##        ##  ##     ## ##       ##     ##  ##   ##  ##       ##
     ######    ##  ########  ######   ########  #########  ######  ######
     ##        ##  ##    ##  ##       ##     ## ##     ##       ## ##
     ##       #### ##     ## ######## ########  ##     ##  ######  ########

You're about to initialize a Firebase project in this directory:

  C:\Users\tommy\Projects\VideoCreatorInnovationHub\frontend

Before we get started, keep in mind:

  * You are initializing within an existing Firebase project directory

[info] 
=== Project Setup
[info] 
[info] First, let's associate this project directory with a Firebase project.
[info] You can create multiple project aliases by running firebase use --add, 
[info] but for now we'll just set up a default project.
[info] 
[debug] [2023-08-01T23:43:34.666Z] Using project from CLI flag: videocreatorinnovationhub
[debug] [2023-08-01T23:43:34.668Z] >>> [apiv2][query] GET https://firebase.googleapis.com/v1beta1/projects/videocreatorinnovationhub [none]
[debug] [2023-08-01T23:43:35.710Z] <<< [apiv2][status] GET https://firebase.googleapis.com/v1beta1/projects/videocreatorinnovationhub 200
[debug] [2023-08-01T23:43:35.710Z] <<< [apiv2][body] GET https://firebase.googleapis.com/v1beta1/projects/videocreatorinnovationhub {"projectId":"videocreatorinnovationhub","projectNumber":"19909841825","displayName":"VideoCreatorInnovationHub","name":"projects/videocreatorinnovationhub","resources":{"hostingSite":"videocreatorinnovationhub"},"state":"ACTIVE","etag":"1_fb553a0f-1b73-4979-ad9b-805d78e90fb4"}
[info] i  Using project videocreatorinnovationhub (VideoCreatorInnovationHub) 
[info] 
=== Hosting:github Setup
[info] 
[info] i  Detected a .git folder at C:\Users\tommy\Projects\VideoCreatorInnovationHub\frontend 
[info] i  Authorizing with GitHub to upload your service account to a GitHub repository's secrets store. 
[info] 
[info] Visit this URL on this device to log in:
[info] https://github.com/login/oauth/authorize?client_id=89cf50f02ac6aaed3484&state=1047705557&redirect_uri=http%3A%2F%2Flocalhost%3A9005&scope=read%3Auser%20repo%20public_repo
[info] 
[info] Waiting for authentication...
[debug] [2023-08-01T23:43:36.577Z] >>> HTTP REQUEST POST https://github.com/login/oauth/access_token  
 {"client_id":"89cf50f02ac6aaed3484","client_secret":"3330d14abc895d9a74d5f17cd7a00711fa2c5bf0","code":"813e940fbf36cc35013e","redirect_uri":"http://localhost:9005","state":"1047705557"}
[debug] [2023-08-01T23:43:38.354Z] <<< HTTP RESPONSE 200 {"server":"GitHub.com","date":"Tue, 01 Aug 2023 23:43:37 GMT","content-type":"application/json; charset=utf-8","transfer-encoding":"chunked","vary":"X-PJAX, X-PJAX-Container, Turbo-Visit, Turbo-Frame, Accept-Encoding, Accept, X-Requested-With","etag":"W/\"fd1b79520e08b7e0c501ff12052db664\"","cache-control":"max-age=0, private, must-revalidate","strict-transport-security":"max-age=31536000; includeSubdomains; preload","x-frame-options":"deny","x-content-type-options":"nosniff","x-xss-protection":"0","referrer-policy":"origin-when-cross-origin, strict-origin-when-cross-origin","content-security-policy":"default-src 'none'; base-uri 'self'; child-src github.com/assets-cdn/worker/ gist.github.com/assets-cdn/worker/; connect-src 'self' uploads.github.com objects-origin.githubusercontent.com www.githubstatus.com collector.github.com raw.githubusercontent.com api.github.com github-cloud.s3.amazonaws.com github-production-repository-file-5c1aeb.s3.amazonaws.com github-production-upload-manifest-file-7fdce7.s3.amazonaws.com github-production-user-asset-6210df.s3.amazonaws.com cdn.optimizely.com logx.optimizely.com/v1/events *.actions.githubusercontent.com productionresultssa0.blob.core.windows.net/ productionresultssa1.blob.core.windows.net/ productionresultssa2.blob.core.windows.net/ productionresultssa3.blob.core.windows.net/ productionresultssa4.blob.core.windows.net/ wss://*.actions.githubusercontent.com github-production-repository-image-32fea6.s3.amazonaws.com github-production-release-asset-2e65be.s3.amazonaws.com insights.github.com wss://alive.github.com; font-src github.githubassets.com; form-action 'self' github.com gist.github.com objects-origin.githubusercontent.com; frame-ancestors 'none'; frame-src viewscreen.githubusercontent.com notebooks.githubusercontent.com; img-src 'self' data: github.githubassets.com media.githubusercontent.com camo.githubusercontent.com identicons.github.com avatars.githubusercontent.com github-cloud.s3.amazonaws.com objects.githubusercontent.com objects-origin.githubusercontent.com secured-user-images.githubusercontent.com/ user-images.githubusercontent.com/ private-user-images.githubusercontent.com opengraph.githubassets.com github-production-user-asset-6210df.s3.amazonaws.com customer-stories-feed.github.com spotlights-feed.github.com *.githubusercontent.com; manifest-src 'self'; media-src github.com user-images.githubusercontent.com/ secured-user-images.githubusercontent.com/ private-user-images.githubusercontent.com; script-src github.githubassets.com; style-src 'unsafe-inline' github.githubassets.com; upgrade-insecure-requests; worker-src github.com/assets-cdn/worker/ gist.github.com/assets-cdn/worker/","x-github-request-id":"ED8E:351C:1C156A7:284582F:64C998A9"}
[debug] [2023-08-01T23:43:38.357Z] >>> [apiv2][query] GET https://api.github.com/user [none]
[debug] [2023-08-01T23:43:38.931Z] <<< [apiv2][status] GET https://api.github.com/user 200
[debug] [2023-08-01T23:43:38.931Z] <<< [apiv2][body] GET https://api.github.com/user {"login":"TommyPang","id":63743103,"node_id":"MDQ6VXNlcjYzNzQzMTAz","avatar_url":"https://avatars.githubusercontent.com/u/63743103?v=4","gravatar_id":"","url":"https://api.github.com/users/TommyPang","html_url":"https://github.com/TommyPang","followers_url":"https://api.github.com/users/TommyPang/followers","following_url":"https://api.github.com/users/TommyPang/following{/other_user}","gists_url":"https://api.github.com/users/TommyPang/gists{/gist_id}","starred_url":"https://api.github.com/users/TommyPang/starred{/owner}{/repo}","subscriptions_url":"https://api.github.com/users/TommyPang/subscriptions","organizations_url":"https://api.github.com/users/TommyPang/orgs","repos_url":"https://api.github.com/users/TommyPang/repos","events_url":"https://api.github.com/users/TommyPang/events{/privacy}","received_events_url":"https://api.github.com/users/TommyPang/received_events","type":"User","site_admin":false,"name":"Tommy Pang","company":null,"blog":"https://tommypang.github.io/PersonalWebsite/","location":"Markham, Ontario","email":null,"hireable":null,"bio":"First year CS student at University of Waterloo\r\n ","twitter_username":null,"public_repos":11,"public_gists":0,"followers":17,"following":3,"created_at":"2020-04-15T17:44:20Z","updated_at":"2023-07-31T16:44:35Z","private_gists":0,"total_private_repos":4,"owned_private_repos":4,"disk_usage":43592,"collaborators":4,"two_factor_authentication":false,"plan":{"name":"free","space":976562499,"collaborators":0,"private_repos":10000}}
[info] 
[info] +  Success! Logged into GitHub as TommyPang 
[info] 
[debug] [2023-08-01T23:46:23.407Z] >>> [apiv2][query] GET https://api.github.com/repos/TommyPang/VideoCreatorInnovationHub/frontend/actions/secrets/public-key type=owner
[debug] [2023-08-01T23:46:24.706Z] <<< [apiv2][status] GET https://api.github.com/repos/TommyPang/VideoCreatorInnovationHub/frontend/actions/secrets/public-key 404
[debug] [2023-08-01T23:46:24.706Z] <<< [apiv2][body] GET https://api.github.com/repos/TommyPang/VideoCreatorInnovationHub/frontend/actions/secrets/public-key {"message":"Not Found","documentation_url":"https://docs.github.com/rest"}
[debug] [2023-08-01T23:46:24.780Z] >>> [apiv2][query] GET https://api.github.com/repos/TommyPang/VideoCreatorInnovationHub/frontend/actions/secrets/public-key type=owner
[debug] [2023-08-01T23:46:25.062Z] <<< [apiv2][status] GET https://api.github.com/repos/TommyPang/VideoCreatorInnovationHub/frontend/actions/secrets/public-key 404
[debug] [2023-08-01T23:46:25.063Z] <<< [apiv2][body] GET https://api.github.com/repos/TommyPang/VideoCreatorInnovationHub/frontend/actions/secrets/public-key {"message":"Not Found","documentation_url":"https://docs.github.com/rest"}
[debug] [2023-08-01T23:46:27.589Z] >>> [apiv2][query] GET https://api.github.com/repos/TommyPang/VideoCreatorInnovationHub/frontend/actions/secrets/public-key type=owner
[debug] [2023-08-01T23:46:27.833Z] <<< [apiv2][status] GET https://api.github.com/repos/TommyPang/VideoCreatorInnovationHub/frontend/actions/secrets/public-key 404
[debug] [2023-08-01T23:46:27.833Z] <<< [apiv2][body] GET https://api.github.com/repos/TommyPang/VideoCreatorInnovationHub/frontend/actions/secrets/public-key {"message":"Not Found","documentation_url":"https://docs.github.com/rest"}
[debug] [2023-08-01T23:46:31.533Z] >>> [apiv2][query] GET https://api.github.com/repos/TommyPang/VideoCreatorInnovationHub/frontend/actions/secrets/public-key type=owner
[debug] [2023-08-01T23:46:31.742Z] <<< [apiv2][status] GET https://api.github.com/repos/TommyPang/VideoCreatorInnovationHub/frontend/actions/secrets/public-key 404
[debug] [2023-08-01T23:46:31.742Z] <<< [apiv2][body] GET https://api.github.com/repos/TommyPang/VideoCreatorInnovationHub/frontend/actions/secrets/public-key {"message":"Not Found","documentation_url":"https://docs.github.com/rest"}
[debug] [2023-08-01T23:46:31.772Z] >>> [apiv2][query] GET https://api.github.com/repos/TommyPang/VideoCreatorInnovationHub/frontend/actions/secrets/public-key type=owner
[debug] [2023-08-01T23:46:31.986Z] <<< [apiv2][status] GET https://api.github.com/repos/TommyPang/VideoCreatorInnovationHub/frontend/actions/secrets/public-key 404
[debug] [2023-08-01T23:46:31.987Z] <<< [apiv2][body] GET https://api.github.com/repos/TommyPang/VideoCreatorInnovationHub/frontend/actions/secrets/public-key {"message":"Not Found","documentation_url":"https://docs.github.com/rest"}
[debug] [2023-08-01T23:46:33.659Z] >>> [apiv2][query] GET https://api.github.com/repos/TommyPang/VideoCreatorInnovationHub//actions/secrets/public-key type=owner
[debug] [2023-08-01T23:46:33.988Z] <<< [apiv2][status] GET https://api.github.com/repos/TommyPang/VideoCreatorInnovationHub//actions/secrets/public-key 404
[debug] [2023-08-01T23:46:33.989Z] <<< [apiv2][body] GET https://api.github.com/repos/TommyPang/VideoCreatorInnovationHub//actions/secrets/public-key {"message":"Not Found","documentation_url":"https://docs.github.com/rest"}
[debug] [2023-08-01T23:46:34.389Z] >>> [apiv2][query] GET https://api.github.com/repos/TommyPang/VideoCreatorInnovationHub//actions/secrets/public-key type=owner
[debug] [2023-08-01T23:46:34.572Z] >>> [apiv2][query] GET https://api.github.com/repos//actions/secrets/public-key type=owner
[debug] [2023-08-01T23:46:34.962Z] <<< [apiv2][status] GET https://api.github.com/repos/TommyPang/VideoCreatorInnovationHub//actions/secrets/public-key 404
[debug] [2023-08-01T23:46:34.962Z] <<< [apiv2][body] GET https://api.github.com/repos/TommyPang/VideoCreatorInnovationHub//actions/secrets/public-key {"message":"Not Found","documentation_url":"https://docs.github.com/rest"}
[debug] [2023-08-01T23:46:35.041Z] <<< [apiv2][status] GET https://api.github.com/repos//actions/secrets/public-key 404
[debug] [2023-08-01T23:46:35.041Z] <<< [apiv2][body] GET https://api.github.com/repos//actions/secrets/public-key {"message":"Not Found","documentation_url":"https://docs.github.com/rest"}
[debug] [2023-08-01T23:46:40.677Z] >>> [apiv2][query] GET https://api.github.com/repos/TommyPang/VideoCreatorInnovationHub/frontend/actions/secrets/public-key type=owner
[debug] [2023-08-01T23:46:40.913Z] <<< [apiv2][status] GET https://api.github.com/repos/TommyPang/VideoCreatorInnovationHub/frontend/actions/secrets/public-key 404
[debug] [2023-08-01T23:46:40.913Z] <<< [apiv2][body] GET https://api.github.com/repos/TommyPang/VideoCreatorInnovationHub/frontend/actions/secrets/public-key {"message":"Not Found","documentation_url":"https://docs.github.com/rest"}
[debug] [2023-08-01T23:46:41.236Z] >>> [apiv2][query] GET https://api.github.com/repos/TommyPang/VideoCreatorInnovationHub/frontend/actions/secrets/public-key type=owner
[debug] [2023-08-01T23:46:41.433Z] <<< [apiv2][status] GET https://api.github.com/repos/TommyPang/VideoCreatorInnovationHub/frontend/actions/secrets/public-key 404
[debug] [2023-08-01T23:46:41.433Z] <<< [apiv2][body] GET https://api.github.com/repos/TommyPang/VideoCreatorInnovationHub/frontend/actions/secrets/public-key {"message":"Not Found","documentation_url":"https://docs.github.com/rest"}
[debug] [2023-08-01T23:46:41.475Z] >>> [apiv2][query] GET https://api.github.com/repos/TommyPang/VideoCreatorInnovationHub/frontend/actions/secrets/public-key type=owner
[debug] [2023-08-01T23:46:41.628Z] >>> [apiv2][query] GET https://api.github.com/repos//actions/secrets/public-key type=owner
[debug] [2023-08-01T23:46:41.662Z] <<< [apiv2][status] GET https://api.github.com/repos/TommyPang/VideoCreatorInnovationHub/frontend/actions/secrets/public-key 404
[debug] [2023-08-01T23:46:41.662Z] <<< [apiv2][body] GET https://api.github.com/repos/TommyPang/VideoCreatorInnovationHub/frontend/actions/secrets/public-key {"message":"Not Found","documentation_url":"https://docs.github.com/rest"}
[debug] [2023-08-01T23:46:41.764Z] >>> [apiv2][query] GET https://api.github.com/repos/TommyPang/VideoCreatorInnovationHub/frontend/actions/secrets/public-key type=owner
[debug] [2023-08-01T23:46:41.821Z] <<< [apiv2][status] GET https://api.github.com/repos//actions/secrets/public-key 404
[debug] [2023-08-01T23:46:41.821Z] <<< [apiv2][body] GET https://api.github.com/repos//actions/secrets/public-key {"message":"Not Found","documentation_url":"https://docs.github.com/rest"}
[debug] [2023-08-01T23:46:41.985Z] <<< [apiv2][status] GET https://api.github.com/repos/TommyPang/VideoCreatorInnovationHub/frontend/actions/secrets/public-key 404
[debug] [2023-08-01T23:46:41.985Z] <<< [apiv2][body] GET https://api.github.com/repos/TommyPang/VideoCreatorInnovationHub/frontend/actions/secrets/public-key {"message":"Not Found","documentation_url":"https://docs.github.com/rest"}
[debug] [2023-08-01T23:46:43.980Z] >>> [apiv2][query] GET https://api.github.com/repos/TommyPang/VideoCreatorInnovationHub/frontend/actions/secrets/public-key type=owner
[debug] [2023-08-01T23:46:44.149Z] <<< [apiv2][status] GET https://api.github.com/repos/TommyPang/VideoCreatorInnovationHub/frontend/actions/secrets/public-key 404
[debug] [2023-08-01T23:46:44.150Z] <<< [apiv2][body] GET https://api.github.com/repos/TommyPang/VideoCreatorInnovationHub/frontend/actions/secrets/public-key {"message":"Not Found","documentation_url":"https://docs.github.com/rest"}
